#
# A fatal error has been detected by the Java Runtime Environment:
#
#  Internal Error (javaClasses.cpp:129), pid=3852, tid=3796
#  fatal error: Invalid layout of preloaded class
#
# JRE version: 7.0_21-b11
# Java VM: Java HotSpot(TM) 64-Bit Server VM (23.21-b01 mixed mode windows-amd64 compressed oops)
# Failed to write core dump. Minidumps are not enabled by default on client versions of Windows
#
# If you would like to submit a bug report, please visit:
#   http://bugreport.sun.com/bugreport/crash.jsp
#

---------------  T H R E A D  ---------------

Current thread (0x00000000021fc800):  JavaThread "Unknown thread" [_thread_in_vm, id=3796, stack(0x0000000002360000,0x0000000002460000)]

Stack: [0x0000000002360000,0x0000000002460000]

---------------  P R O C E S S  ---------------

Java Threads: ( => current thread )

Other Threads:

=>0x00000000021fc800 (exited) JavaThread "Unknown thread" [_thread_in_vm, id=3796, stack(0x0000000002360000,0x0000000002460000)]

VM state:not at safepoint (not fully initialized)

VM Mutex/Monitor currently owned by a thread: None

GC Heap History (0 events):
No events

Deoptimization events (0 events):
No events

Internal exceptions (0 events):
No events

Events (10 events):
Event: 0.009 loading class 0x000000000227ff40 done
Event: 0.010 loading class 0x0000000002242380 done
Event: 0.010 loading class 0x0000000002242350
Event: 0.010 loading class 0x00000000022957e0
Event: 0.010 loading class 0x00000000022957e0 done
Event: 0.010 loading class 0x0000000002295820
Event: 0.010 loading class 0x0000000002295820 done
Event: 0.010 loading class 0x000000000883f120
Event: 0.010 loading class 0x000000000883f120 done
Event: 0.010 loading class 0x0000000002242350 done


Dynamic libraries:
0x000000013fd20000 - 0x000000013fd53000 	C:\Program Files\Java\jre7\bin\javaw.exe
0x0000000076e40000 - 0x0000000076fe9000 	C:\Windows\SYSTEM32\ntdll.dll
0x0000000076c20000 - 0x0000000076d3f000 	C:\Windows\system32\kernel32.dll
0x000007fefcf40000 - 0x000007fefcfab000 	C:\Windows\system32\KERNELBASE.dll
0x000007fefdc80000 - 0x000007fefdd5b000 	C:\Windows\system32\ADVAPI32.dll
0x000007feff0b0000 - 0x000007feff14f000 	C:\Windows\system32\msvcrt.dll
0x000007fefe0a0000 - 0x000007fefe0bf000 	C:\Windows\SYSTEM32\sechost.dll
0x000007fefee60000 - 0x000007fefef8d000 	C:\Windows\system32\RPCRT4.dll
0x0000000076d40000 - 0x0000000076e3a000 	C:\Windows\system32\USER32.dll
0x000007fefd5c0000 - 0x000007fefd627000 	C:\Windows\system32\GDI32.dll
0x000007fefdc70000 - 0x000007fefdc7e000 	C:\Windows\system32\LPK.dll
0x000007fefd4f0000 - 0x000007fefd5b9000 	C:\Windows\system32\USP10.dll
0x000007fefb590000 - 0x000007fefb784000 	C:\Windows\WinSxS\amd64_microsoft.windows.common-controls_6595b64144ccf1df_6.0.7601.17514_none_fa396087175ac9ac\COMCTL32.dll
0x000007fefef90000 - 0x000007feff001000 	C:\Windows\system32\SHLWAPI.dll
0x000007fefd6f0000 - 0x000007fefd71e000 	C:\Windows\system32\IMM32.DLL
0x000007fefd720000 - 0x000007fefd829000 	C:\Windows\system32\MSCTF.dll
0x000000006d6e0000 - 0x000000006d7b1000 	C:\Program Files\Java\jre7\bin\msvcr100.dll
0x000000006cfb0000 - 0x000000006d6d1000 	C:\Program Files\Java\jre7\bin\server\jvm.dll
0x000007feed610000 - 0x000007feed619000 	C:\Windows\system32\WSOCK32.dll
0x000007fefd130000 - 0x000007fefd17d000 	C:\Windows\system32\WS2_32.dll
0x000007fefee50000 - 0x000007fefee58000 	C:\Windows\system32\NSI.dll
0x000007fefa720000 - 0x000007fefa75b000 	C:\Windows\system32\WINMM.dll
0x0000000077000000 - 0x0000000077007000 	C:\Windows\system32\PSAPI.DLL
0x000000006cfa0000 - 0x000000006cfaf000 	C:\Program Files\Java\jre7\bin\verify.dll
0x000000006cf70000 - 0x000000006cf98000 	C:\Program Files\Java\jre7\bin\java.dll
0x000000006cf50000 - 0x000000006cf65000 	C:\Program Files\Java\jre7\bin\zip.dll

VM Arguments:
jvm_args: -Dfile.encoding=Cp1252 -Xbootclasspath:C:\Development\sdk\platforms\android-15\android.jar 
java_command: org.eclipse.jdt.internal.junit.runner.RemoteTestRunner -version 3 -port 50290 -testLoaderClass org.eclipse.jdt.internal.junit4.runner.JUnit4TestLoader -loaderpluginname org.eclipse.jdt.junit4.runtime -classNames com.megamip.test.VoiceCommandTest
Launcher Type: SUN_STANDARD

Environment Variables:
JAVA_HOME=C:\Program Files\Java\jre7
PATH=C:\Program Files\Common Files\Microsoft Shared\Windows Live;C:\Program Files (x86)\Common Files\Microsoft Shared\Windows Live;C:\Windows\system32;C:\Windows;C:\Windows\System32\Wbem;C:\Windows\System32\WindowsPowerShell\v1.0\;C:\arduino\arduino-1.0\hardware\tools\avr\bin;C:\arduino\arduino-1.0\hardware\tools\avr\utils\bin;C:\Program Files (x86)\GnuWin32\bin;C:\path-to-arduino\hardware\tools\avr\bin;C:\Development\sdk\platform-tools;C:\Program Files (x86)\Git\cmd
USERNAME=user
OS=Windows_NT
PROCESSOR_IDENTIFIER=Intel64 Family 6 Model 15 Stepping 11, GenuineIntel



---------------  S Y S T E M  ---------------

OS: Windows 7 , 64 bit Build 7601 Service Pack 1

CPU:total 4 (4 cores per cpu, 1 threads per core) family 6 model 15 stepping 11, cmov, cx8, fxsr, mmx, sse, sse2, sse3, ssse3, tsc

Memory: 4k page, physical 4126328k(1874616k free), swap 8250796k(5683664k free)

vm_info: Java HotSpot(TM) 64-Bit Server VM (23.21-b01) for windows-amd64 JRE (1.7.0_21-b11), built on Apr  4 2013 08:11:28 by "java_re" with unknown MS VC++:1600

time: Thu Jul 04 10:36:57 2013
elapsed time: 0 seconds

